d:\pulpit\glowny_pac-man\project1\project1\x64\debug\vc140.pdb
d:\pulpit\glowny_pac-man\project1\project1\x64\debug\vc140.idb
d:\pulpit\glowny_pac-man\project1\project1\x64\debug\ghost.obj
d:\pulpit\glowny_pac-man\project1\project1\x64\debug\fnkcje_sfml.obj
d:\pulpit\glowny_pac-man\project1\project1\x64\debug\glowna_funkcja_gry.obj
d:\pulpit\glowny_pac-man\project1\project1\x64\debug\kolizja.obj
d:\pulpit\glowny_pac-man\project1\project1\x64\debug\lista_zmiennych_stalych.obj
d:\pulpit\glowny_pac-man\project1\project1\x64\debug\main.obj
d:\pulpit\glowny_pac-man\project1\project1\x64\debug\mapa.obj
d:\pulpit\glowny_pac-man\project1\project1\x64\debug\pac_man.obj
d:\pulpit\glowny_pac-man\project1\project1\x64\debug\postac.obj
d:\pulpit\glowny_pac-man\project1\project1\x64\debug\stworz_kolizje_dla_mapy.obj
d:\pulpit\glowny_pac-man\project1\x64\debug\project1.ilk
d:\pulpit\glowny_pac-man\project1\x64\debug\project1.exe
d:\pulpit\glowny_pac-man\project1\x64\debug\project1.pdb
d:\pulpit\glowny_pac-man\project1\project1\x64\debug\project1.tlog\cl.command.1.tlog
d:\pulpit\glowny_pac-man\project1\project1\x64\debug\project1.tlog\cl.read.1.tlog
d:\pulpit\glowny_pac-man\project1\project1\x64\debug\project1.tlog\cl.write.1.tlog
d:\pulpit\glowny_pac-man\project1\project1\x64\debug\project1.tlog\link.command.1.tlog
d:\pulpit\glowny_pac-man\project1\project1\x64\debug\project1.tlog\link.read.1.tlog
d:\pulpit\glowny_pac-man\project1\project1\x64\debug\project1.tlog\link.write.1.tlog
