d:\pulpit\glowny_pac-man\pacman\pacman\x64\debug\vc140.pdb
d:\pulpit\glowny_pac-man\pacman\pacman\x64\debug\vc140.idb
d:\pulpit\glowny_pac-man\pacman\pacman\x64\debug\duch.obj
d:\pulpit\glowny_pac-man\pacman\pacman\x64\debug\kolizja.obj
d:\pulpit\glowny_pac-man\pacman\pacman\x64\debug\lista_zmiennych_stalych.obj
d:\pulpit\glowny_pac-man\pacman\pacman\x64\debug\main.obj
d:\pulpit\glowny_pac-man\pacman\pacman\x64\debug\mapa.obj
d:\pulpit\glowny_pac-man\pacman\pacman\x64\debug\noweoknokomunikatu.obj
d:\pulpit\glowny_pac-man\pacman\pacman\x64\debug\obsluzkolizje.obj
d:\pulpit\glowny_pac-man\pacman\pacman\x64\debug\pacman.obj
d:\pulpit\glowny_pac-man\pacman\pacman\x64\debug\postac.obj
d:\pulpit\glowny_pac-man\pacman\pacman\x64\debug\struktury.obj
d:\pulpit\glowny_pac-man\pacman\x64\debug\pacman.ilk
d:\pulpit\glowny_pac-man\pacman\x64\debug\pacman.exe
d:\pulpit\glowny_pac-man\pacman\x64\debug\pacman.pdb
d:\pulpit\glowny_pac-man\pacman\pacman\x64\debug\pacman.res
d:\pulpit\glowny_pac-man\pacman\pacman\x64\debug\pacman.tlog\cl.command.1.tlog
d:\pulpit\glowny_pac-man\pacman\pacman\x64\debug\pacman.tlog\cl.read.1.tlog
d:\pulpit\glowny_pac-man\pacman\pacman\x64\debug\pacman.tlog\cl.write.1.tlog
d:\pulpit\glowny_pac-man\pacman\pacman\x64\debug\pacman.tlog\link.command.1.tlog
d:\pulpit\glowny_pac-man\pacman\pacman\x64\debug\pacman.tlog\link.read.1.tlog
d:\pulpit\glowny_pac-man\pacman\pacman\x64\debug\pacman.tlog\link.write.1.tlog
d:\pulpit\glowny_pac-man\pacman\pacman\x64\debug\pacman.tlog\rc.command.1.tlog
d:\pulpit\glowny_pac-man\pacman\pacman\x64\debug\pacman.tlog\rc.read.1.tlog
d:\pulpit\glowny_pac-man\pacman\pacman\x64\debug\pacman.tlog\rc.write.1.tlog
